Microsoft (R) COFF/PE Dumper Version 14.36.32532.0
Copyright (C) Microsoft Corporation.  All rights reserved.


Dump of file Library.dll

File Type: DLL

  Section contains the following exports for Library.dll

    00000000 characteristics
    64EFC376 time date stamp Thu Aug 31 00:32:22 2023
        0.00 version
           1 ordinal base
           6 number of functions
           6 number of names

    ordinal hint RVA      name

          1    0 00001370 _Z11library_addii
          2    1 00001420 _ZN7Library1X3strENSt7__cxx1112basic_stringIcSt11char_traitsIcESaIcEEE
          3    2 000013B0 _ZN7Library1XC1ENSt7__cxx1112basic_stringIcSt11char_traitsIcESaIcEEE
          4    3 000013B0 _ZN7Library1XC2ENSt7__cxx1112basic_stringIcSt11char_traitsIcESaIcEEE
          5    4 00001390 _ZN7Library3AddEii
          6    5 000013F0 _ZNK7Library1X3strB5cxx11Ev

  Summary

        1000 .CRT
        1000 .bss
        1000 .data
        2000 .debug_abbrev
        1000 .debug_aranges
        1000 .debug_frame
        7000 .debug_info
        2000 .debug_line
        2000 .debug_line_str
        2000 .debug_loclists
        1000 .debug_rnglists
        1000 .debug_str
        1000 .edata
        1000 .idata
        1000 .pdata
        1000 .rdata
        1000 .reloc
        2000 .text
        1000 .tls
        1000 .xdata
